<?xml version="1.0" encoding="UTF-8"?>
<!-- Generated by org.testng.reporters.JUnitXMLReporter -->
<testsuite ignored="5" hostname="Rishi" failures="0" tests="1" name="Default test" time="35.311" errors="0" timestamp="2023-12-10T18:12:26 EST">
  <testcase classname="com.amazon.qa.testcases.HomePageTest" name="Add_To_Cart_Ft" time="31.78"/>
  <testcase classname="com.amazon.qa.testcases.HomePageTest" name="LoginPageTitle" time="0.0">
    <ignored/>
  </testcase> <!-- LoginPageTitle -->
  <testcase classname="com.amazon.qa.testcases.HomePageTest" name="SignIn" time="0.0">
    <ignored/>
  </testcase> <!-- SignIn -->
  <testcase classname="com.amazon.qa.testcases.HomePageTest" name="Awsaction" time="0.0">
    <ignored/>
  </testcase> <!-- Awsaction -->
  <testcase classname="com.amazon.qa.testcases.HomePageTest" name="Validating_Text_In_WarehousePage" time="0.0">
    <ignored/>
  </testcase> <!-- Validating_Text_In_WarehousePage -->
  <testcase classname="com.amazon.qa.testcases.HomePageTest" name="ValidateNumberOfLinksInHeader" time="0.0">
    <ignored/>
  </testcase> <!-- ValidateNumberOfLinksInHeader -->
</testsuite> <!-- Default test -->
