<?xml version="1.0" encoding="UTF-8"?>
<!-- Generated by org.testng.reporters.JUnitXMLReporter -->
<testsuite ignored="2" hostname="Rishi" failures="0" tests="1" name="Default test" time="12.842" errors="0" timestamp="2023-11-27T22:08:55 EST">
  <testcase classname="com.amazon.qa.testdata.HomePageTest" name="ValidateNumberOfLinksInHeader" time="3.048"/>
  <testcase classname="com.amazon.qa.testdata.HomePageTest" name="LoginPageTitle" time="0.0">
    <ignored/>
  </testcase> <!-- LoginPageTitle -->
  <testcase classname="com.amazon.qa.testdata.HomePageTest" name="SignIn" time="0.0">
    <ignored/>
  </testcase> <!-- SignIn -->
</testsuite> <!-- Default test -->
