<?xml version="1.0" encoding="UTF-8"?>
<testng-results ignored="0" total="13" passed="11" failed="2" skipped="0">
  <reporter-output>
  </reporter-output>
  <suite started-at="2023-12-10T13:40:17 EST" name="Suite" finished-at="2023-12-10T13:44:09 EST" duration-ms="232437">
    <groups>
    </groups>
    <test started-at="2023-12-10T13:40:17 EST" name="Test" finished-at="2023-12-10T13:44:09 EST" duration-ms="232437">
      <class name="com.amazon.qa.testcases.AwsPageTest">
        <test-method is-config="true" signature="setUp()[pri:0, instance:com.amazon.qa.testcases.AwsPageTest@8458f04]" started-at="2023-12-10T13:41:24 EST" name="setUp" finished-at="2023-12-10T13:41:33 EST" duration-ms="8949" status="PASS">
          <reporter-output>
          </reporter-output>
        </test-method> <!-- setUp -->
        <test-method signature="validateText()[pri:1, instance:com.amazon.qa.testcases.AwsPageTest@8458f04]" started-at="2023-12-10T13:41:33 EST" name="validateText" finished-at="2023-12-10T13:41:36 EST" duration-ms="3109" status="PASS">
          <reporter-output>
          </reporter-output>
        </test-method> <!-- validateText -->
        <test-method is-config="true" signature="tearDown()[pri:0, instance:com.amazon.qa.testcases.AwsPageTest@8458f04]" started-at="2023-12-10T13:41:36 EST" name="tearDown" finished-at="2023-12-10T13:41:42 EST" duration-ms="5808" status="PASS">
          <reporter-output>
          </reporter-output>
        </test-method> <!-- tearDown -->
        <test-method is-config="true" signature="setUp()[pri:0, instance:com.amazon.qa.testcases.AwsPageTest@8458f04]" started-at="2023-12-10T13:41:42 EST" name="setUp" finished-at="2023-12-10T13:41:52 EST" duration-ms="10283" status="PASS">
          <reporter-output>
          </reporter-output>
        </test-method> <!-- setUp -->
        <test-method signature="ValidateAwsPageTitle()[pri:2, instance:com.amazon.qa.testcases.AwsPageTest@8458f04]" started-at="2023-12-10T13:41:52 EST" name="ValidateAwsPageTitle" finished-at="2023-12-10T13:41:52 EST" duration-ms="9" status="PASS">
          <reporter-output>
          </reporter-output>
        </test-method> <!-- ValidateAwsPageTitle -->
        <test-method is-config="true" signature="tearDown()[pri:0, instance:com.amazon.qa.testcases.AwsPageTest@8458f04]" started-at="2023-12-10T13:41:52 EST" name="tearDown" finished-at="2023-12-10T13:41:57 EST" duration-ms="5490" status="PASS">
          <reporter-output>
          </reporter-output>
        </test-method> <!-- tearDown -->
        <test-method is-config="true" signature="setUp()[pri:0, instance:com.amazon.qa.testcases.AwsPageTest@8458f04]" started-at="2023-12-10T13:41:57 EST" name="setUp" finished-at="2023-12-10T13:42:07 EST" duration-ms="9559" status="PASS">
          <reporter-output>
          </reporter-output>
        </test-method> <!-- setUp -->
        <test-method signature="ImageValidations()[pri:3, instance:com.amazon.qa.testcases.AwsPageTest@8458f04]" started-at="2023-12-10T13:42:07 EST" name="ImageValidations" finished-at="2023-12-10T13:42:10 EST" duration-ms="3112" status="PASS">
          <reporter-output>
          </reporter-output>
        </test-method> <!-- ImageValidations -->
        <test-method is-config="true" signature="tearDown()[pri:0, instance:com.amazon.qa.testcases.AwsPageTest@8458f04]" started-at="2023-12-10T13:42:10 EST" name="tearDown" finished-at="2023-12-10T13:42:15 EST" duration-ms="5351" status="PASS">
          <reporter-output>
          </reporter-output>
        </test-method> <!-- tearDown -->
      </class> <!-- com.amazon.qa.testcases.AwsPageTest -->
      <class name="com.amazon.qa.testcases.CouponsPageTest">
        <test-method is-config="true" signature="setup()[pri:0, instance:com.amazon.qa.testcases.CouponsPageTest@48075da3]" started-at="2023-12-10T13:42:15 EST" name="setup" finished-at="2023-12-10T13:42:28 EST" duration-ms="12569" status="PASS">
          <reporter-output>
          </reporter-output>
        </test-method> <!-- setup -->
        <test-method signature="Validate_Page_Title()[pri:1, instance:com.amazon.qa.testcases.CouponsPageTest@48075da3]" started-at="2023-12-10T13:42:28 EST" name="Validate_Page_Title" finished-at="2023-12-10T13:42:28 EST" duration-ms="12" status="PASS">
          <reporter-output>
          </reporter-output>
        </test-method> <!-- Validate_Page_Title -->
        <test-method is-config="true" signature="tearDown()[pri:0, instance:com.amazon.qa.testcases.CouponsPageTest@48075da3]" started-at="2023-12-10T13:42:28 EST" name="tearDown" finished-at="2023-12-10T13:42:32 EST" duration-ms="4460" status="PASS">
          <reporter-output>
          </reporter-output>
        </test-method> <!-- tearDown -->
        <test-method is-config="true" signature="setup()[pri:0, instance:com.amazon.qa.testcases.CouponsPageTest@48075da3]" started-at="2023-12-10T13:42:32 EST" name="setup" finished-at="2023-12-10T13:42:42 EST" duration-ms="9553" status="PASS">
          <reporter-output>
          </reporter-output>
        </test-method> <!-- setup -->
        <test-method signature="Validate_Image()[pri:2, instance:com.amazon.qa.testcases.CouponsPageTest@48075da3]" started-at="2023-12-10T13:42:42 EST" name="Validate_Image" finished-at="2023-12-10T13:42:42 EST" duration-ms="78" status="PASS">
          <reporter-output>
          </reporter-output>
        </test-method> <!-- Validate_Image -->
        <test-method is-config="true" signature="tearDown()[pri:0, instance:com.amazon.qa.testcases.CouponsPageTest@48075da3]" started-at="2023-12-10T13:42:42 EST" name="tearDown" finished-at="2023-12-10T13:42:46 EST" duration-ms="3876" status="PASS">
          <reporter-output>
          </reporter-output>
        </test-method> <!-- tearDown -->
        <test-method is-config="true" signature="setup()[pri:0, instance:com.amazon.qa.testcases.CouponsPageTest@48075da3]" started-at="2023-12-10T13:42:46 EST" name="setup" finished-at="2023-12-10T13:42:56 EST" duration-ms="9732" status="PASS">
          <reporter-output>
          </reporter-output>
        </test-method> <!-- setup -->
        <test-method signature="Validate_Text1()[pri:3, instance:com.amazon.qa.testcases.CouponsPageTest@48075da3]" started-at="2023-12-10T13:42:56 EST" name="Validate_Text1" finished-at="2023-12-10T13:42:56 EST" duration-ms="156" status="PASS">
          <reporter-output>
          </reporter-output>
        </test-method> <!-- Validate_Text1 -->
        <test-method is-config="true" signature="tearDown()[pri:0, instance:com.amazon.qa.testcases.CouponsPageTest@48075da3]" started-at="2023-12-10T13:42:56 EST" name="tearDown" finished-at="2023-12-10T13:43:00 EST" duration-ms="3935" status="PASS">
          <reporter-output>
          </reporter-output>
        </test-method> <!-- tearDown -->
        <test-method is-config="true" signature="setup()[pri:0, instance:com.amazon.qa.testcases.CouponsPageTest@48075da3]" started-at="2023-12-10T13:43:00 EST" name="setup" finished-at="2023-12-10T13:43:12 EST" duration-ms="12137" status="PASS">
          <reporter-output>
          </reporter-output>
        </test-method> <!-- setup -->
        <test-method signature="Validate_HeaderSize()[pri:4, instance:com.amazon.qa.testcases.CouponsPageTest@48075da3]" started-at="2023-12-10T13:43:12 EST" name="Validate_HeaderSize" finished-at="2023-12-10T13:43:12 EST" duration-ms="30" status="PASS">
          <reporter-output>
          </reporter-output>
        </test-method> <!-- Validate_HeaderSize -->
        <test-method is-config="true" signature="tearDown()[pri:0, instance:com.amazon.qa.testcases.CouponsPageTest@48075da3]" started-at="2023-12-10T13:43:12 EST" name="tearDown" finished-at="2023-12-10T13:43:16 EST" duration-ms="4194" status="PASS">
          <reporter-output>
          </reporter-output>
        </test-method> <!-- tearDown -->
        <test-method is-config="true" signature="setup()[pri:0, instance:com.amazon.qa.testcases.CouponsPageTest@48075da3]" started-at="2023-12-10T13:43:16 EST" name="setup" finished-at="2023-12-10T13:43:28 EST" duration-ms="11438" status="PASS">
          <reporter-output>
          </reporter-output>
        </test-method> <!-- setup -->
        <test-method signature="Validate_Text2()[pri:5, instance:com.amazon.qa.testcases.CouponsPageTest@48075da3]" started-at="2023-12-10T13:43:28 EST" name="Validate_Text2" finished-at="2023-12-10T13:43:42 EST" duration-ms="13995" status="PASS">
          <reporter-output>
          </reporter-output>
        </test-method> <!-- Validate_Text2 -->
        <test-method is-config="true" signature="tearDown()[pri:0, instance:com.amazon.qa.testcases.CouponsPageTest@48075da3]" started-at="2023-12-10T13:43:42 EST" name="tearDown" finished-at="2023-12-10T13:43:45 EST" duration-ms="3166" status="PASS">
          <reporter-output>
          </reporter-output>
        </test-method> <!-- tearDown -->
        <test-method is-config="true" signature="setup()[pri:0, instance:com.amazon.qa.testcases.CouponsPageTest@48075da3]" started-at="2023-12-10T13:43:45 EST" name="setup" finished-at="2023-12-10T13:43:56 EST" duration-ms="11239" status="PASS">
          <reporter-output>
          </reporter-output>
        </test-method> <!-- setup -->
        <test-method signature="Fail_Validate_Image()[pri:6, instance:com.amazon.qa.testcases.CouponsPageTest@48075da3]" started-at="2023-12-10T13:43:56 EST" name="Fail_Validate_Image" finished-at="2023-12-10T13:44:06 EST" duration-ms="10419" status="FAIL">
          <exception class="org.openqa.selenium.NoSuchElementException">
            <message>
              <![CDATA[Unable to locate element: //div[contains(@class,'acsUxWidget')]/div/div/div/div/div/div/div/img
For documentation on this error, please visit: https://www.selenium.dev/documentation/webdriver/troubleshooting/errors#no-such-element-exception
Build info: version: '4.10.0', revision: 'c14d967899'
System info: os.name: 'Windows 11', os.arch: 'amd64', os.version: '10.0', java.version: '17.0.6'
Driver info: org.openqa.selenium.firefox.FirefoxDriver
Command: [aa34a57f-c75d-4ec7-8fd4-f63285734eb5, findElement {using=xpath, value=//div[contains(@class,'acsUxWidget')]/div/div/div/div/div/div/div/img}]
Capabilities {acceptInsecureCerts: true, browserName: firefox, browserVersion: 120.0.1, moz:accessibilityChecks: false, moz:buildID: 20231129155202, moz:debuggerAddress: 127.0.0.1:23081, moz:geckodriverVersion: 0.33.0, moz:headless: false, moz:platformVersion: 10.0, moz:processID: 14404, moz:profile: C:\Users\trish\AppData\Loca..., moz:shutdownTimeout: 60000, moz:webdriverClick: true, moz:windowless: false, pageLoadStrategy: normal, platformName: windows, proxy: Proxy(), se:cdp: ws://127.0.0.1:23081/devtoo..., se:cdpVersion: 85.0, setWindowRect: true, strictFileInteractability: false, timeouts: {implicit: 0, pageLoad: 300000, script: 30000}, unhandledPromptBehavior: dismiss and notify}
Session ID: aa34a57f-c75d-4ec7-8fd4-f63285734eb5]]>
            </message>
            <full-stacktrace>
              <![CDATA[org.openqa.selenium.NoSuchElementException: Unable to locate element: //div[contains(@class,'acsUxWidget')]/div/div/div/div/div/div/div/img
For documentation on this error, please visit: https://www.selenium.dev/documentation/webdriver/troubleshooting/errors#no-such-element-exception
Build info: version: '4.10.0', revision: 'c14d967899'
System info: os.name: 'Windows 11', os.arch: 'amd64', os.version: '10.0', java.version: '17.0.6'
Driver info: org.openqa.selenium.firefox.FirefoxDriver
Command: [aa34a57f-c75d-4ec7-8fd4-f63285734eb5, findElement {using=xpath, value=//div[contains(@class,'acsUxWidget')]/div/div/div/div/div/div/div/img}]
Capabilities {acceptInsecureCerts: true, browserName: firefox, browserVersion: 120.0.1, moz:accessibilityChecks: false, moz:buildID: 20231129155202, moz:debuggerAddress: 127.0.0.1:23081, moz:geckodriverVersion: 0.33.0, moz:headless: false, moz:platformVersion: 10.0, moz:processID: 14404, moz:profile: C:\Users\trish\AppData\Loca..., moz:shutdownTimeout: 60000, moz:webdriverClick: true, moz:windowless: false, pageLoadStrategy: normal, platformName: windows, proxy: Proxy(), se:cdp: ws://127.0.0.1:23081/devtoo..., se:cdpVersion: 85.0, setWindowRect: true, strictFileInteractability: false, timeouts: {implicit: 0, pageLoad: 300000, script: 30000}, unhandledPromptBehavior: dismiss and notify}
Session ID: aa34a57f-c75d-4ec7-8fd4-f63285734eb5
at java.base/jdk.internal.reflect.NativeConstructorAccessorImpl.newInstance0(Native Method)
at java.base/jdk.internal.reflect.NativeConstructorAccessorImpl.newInstance(NativeConstructorAccessorImpl.java:77)
at java.base/jdk.internal.reflect.DelegatingConstructorAccessorImpl.newInstance(DelegatingConstructorAccessorImpl.java:45)
at java.base/java.lang.reflect.Constructor.newInstanceWithCaller(Constructor.java:499)
at java.base/java.lang.reflect.Constructor.newInstance(Constructor.java:480)
at org.openqa.selenium.remote.codec.w3c.W3CHttpResponseCodec.createException(W3CHttpResponseCodec.java:199)
at org.openqa.selenium.remote.codec.w3c.W3CHttpResponseCodec.decode(W3CHttpResponseCodec.java:132)
at org.openqa.selenium.remote.codec.w3c.W3CHttpResponseCodec.decode(W3CHttpResponseCodec.java:51)
at org.openqa.selenium.remote.HttpCommandExecutor.execute(HttpCommandExecutor.java:191)
at org.openqa.selenium.remote.service.DriverCommandExecutor.invokeExecute(DriverCommandExecutor.java:196)
at org.openqa.selenium.remote.service.DriverCommandExecutor.execute(DriverCommandExecutor.java:171)
at org.openqa.selenium.remote.RemoteWebDriver.execute(RemoteWebDriver.java:531)
at org.openqa.selenium.remote.ElementLocation$ElementFinder$2.findElement(ElementLocation.java:165)
at org.openqa.selenium.remote.ElementLocation.findElement(ElementLocation.java:59)
at org.openqa.selenium.remote.RemoteWebDriver.findElement(RemoteWebDriver.java:350)
at org.openqa.selenium.remote.RemoteWebDriver.findElement(RemoteWebDriver.java:344)
at jdk.internal.reflect.GeneratedMethodAccessor6.invoke(Unknown Source)
at java.base/jdk.internal.reflect.DelegatingMethodAccessorImpl.invoke(DelegatingMethodAccessorImpl.java:43)
at java.base/java.lang.reflect.Method.invoke(Method.java:568)
at org.openqa.selenium.support.events.EventFiringWebDriver.lambda$new$1(EventFiringWebDriver.java:107)
at jdk.proxy2/jdk.proxy2.$Proxy14.findElement(Unknown Source)
at org.openqa.selenium.support.events.EventFiringWebDriver.findElement(EventFiringWebDriver.java:194)
at org.openqa.selenium.support.pagefactory.DefaultElementLocator.findElement(DefaultElementLocator.java:68)
at org.openqa.selenium.support.pagefactory.internal.LocatingElementHandler.invoke(LocatingElementHandler.java:38)
at jdk.proxy2/jdk.proxy2.$Proxy18.isDisplayed(Unknown Source)
at com.amazon.qa.pages.CouponsPage.FailImageDisplayMethod(CouponsPage.java:47)
at com.amazon.qa.testcases.CouponsPageTest.Fail_Validate_Image(CouponsPageTest.java:59)
at java.base/jdk.internal.reflect.NativeMethodAccessorImpl.invoke0(Native Method)
at java.base/jdk.internal.reflect.NativeMethodAccessorImpl.invoke(NativeMethodAccessorImpl.java:77)
at java.base/jdk.internal.reflect.DelegatingMethodAccessorImpl.invoke(DelegatingMethodAccessorImpl.java:43)
at java.base/java.lang.reflect.Method.invoke(Method.java:568)
at org.testng.internal.invokers.MethodInvocationHelper.invokeMethod(MethodInvocationHelper.java:139)
at org.testng.internal.invokers.TestInvoker.invokeMethod(TestInvoker.java:664)
at org.testng.internal.invokers.TestInvoker.invokeTestMethod(TestInvoker.java:227)
at org.testng.internal.invokers.MethodRunner.runInSequence(MethodRunner.java:50)
at org.testng.internal.invokers.TestInvoker$MethodInvocationAgent.invoke(TestInvoker.java:957)
at org.testng.internal.invokers.TestInvoker.invokeTestMethods(TestInvoker.java:200)
at org.testng.internal.invokers.TestMethodWorker.invokeTestMethods(TestMethodWorker.java:148)
at org.testng.internal.invokers.TestMethodWorker.run(TestMethodWorker.java:128)
at java.base/java.util.ArrayList.forEach(ArrayList.java:1511)
at org.testng.TestRunner.privateRun(TestRunner.java:848)
at org.testng.TestRunner.run(TestRunner.java:621)
at org.testng.SuiteRunner.runTest(SuiteRunner.java:443)
at org.testng.SuiteRunner.runSequentially(SuiteRunner.java:437)
at org.testng.SuiteRunner.privateRun(SuiteRunner.java:397)
at org.testng.SuiteRunner.run(SuiteRunner.java:336)
at org.testng.SuiteRunnerWorker.runSuite(SuiteRunnerWorker.java:52)
at org.testng.SuiteRunnerWorker.run(SuiteRunnerWorker.java:95)
at org.testng.TestNG.runSuitesSequentially(TestNG.java:1280)
at org.testng.TestNG.runSuitesLocally(TestNG.java:1200)
at org.testng.TestNG.runSuites(TestNG.java:1114)
at org.testng.TestNG.run(TestNG.java:1082)
at org.testng.remote.AbstractRemoteTestNG.run(AbstractRemoteTestNG.java:115)
at org.testng.remote.RemoteTestNG.initAndRun(RemoteTestNG.java:251)
at org.testng.remote.RemoteTestNG.main(RemoteTestNG.java:77)
]]>
            </full-stacktrace>
          </exception> <!-- org.openqa.selenium.NoSuchElementException -->
          <reporter-output>
          </reporter-output>
        </test-method> <!-- Fail_Validate_Image -->
        <test-method is-config="true" signature="tearDown()[pri:0, instance:com.amazon.qa.testcases.CouponsPageTest@48075da3]" started-at="2023-12-10T13:44:06 EST" name="tearDown" finished-at="2023-12-10T13:44:09 EST" duration-ms="2989" status="PASS">
          <reporter-output>
          </reporter-output>
        </test-method> <!-- tearDown -->
      </class> <!-- com.amazon.qa.testcases.CouponsPageTest -->
      <class name="com.amazon.qa.testcases.HomePageTest">
        <test-method is-config="true" signature="setup()[pri:0, instance:com.amazon.qa.testcases.HomePageTest@173ed316]" started-at="2023-12-10T13:40:17 EST" name="setup" finished-at="2023-12-10T13:40:27 EST" duration-ms="9793" status="PASS">
          <reporter-output>
          </reporter-output>
        </test-method> <!-- setup -->
        <test-method signature="LoginPageTitle()[pri:1, instance:com.amazon.qa.testcases.HomePageTest@173ed316]" started-at="2023-12-10T13:40:27 EST" name="LoginPageTitle" finished-at="2023-12-10T13:40:31 EST" duration-ms="4079" status="PASS">
          <reporter-output>
          </reporter-output>
        </test-method> <!-- LoginPageTitle -->
        <test-method is-config="true" signature="tearDown()[pri:0, instance:com.amazon.qa.testcases.HomePageTest@173ed316]" started-at="2023-12-10T13:40:31 EST" name="tearDown" finished-at="2023-12-10T13:40:34 EST" duration-ms="2811" status="PASS">
          <reporter-output>
          </reporter-output>
        </test-method> <!-- tearDown -->
        <test-method is-config="true" signature="setup()[pri:0, instance:com.amazon.qa.testcases.HomePageTest@173ed316]" started-at="2023-12-10T13:40:34 EST" name="setup" finished-at="2023-12-10T13:40:42 EST" duration-ms="8173" status="PASS">
          <reporter-output>
          </reporter-output>
        </test-method> <!-- setup -->
        <test-method signature="SignIn()[pri:2, instance:com.amazon.qa.testcases.HomePageTest@173ed316]" started-at="2023-12-10T13:40:42 EST" name="SignIn" finished-at="2023-12-10T13:40:45 EST" duration-ms="2906" status="PASS">
          <reporter-output>
          </reporter-output>
        </test-method> <!-- SignIn -->
        <test-method is-config="true" signature="tearDown()[pri:0, instance:com.amazon.qa.testcases.HomePageTest@173ed316]" started-at="2023-12-10T13:40:45 EST" name="tearDown" finished-at="2023-12-10T13:40:49 EST" duration-ms="4250" status="PASS">
          <reporter-output>
          </reporter-output>
        </test-method> <!-- tearDown -->
        <test-method is-config="true" signature="setup()[pri:0, instance:com.amazon.qa.testcases.HomePageTest@173ed316]" started-at="2023-12-10T13:40:49 EST" name="setup" finished-at="2023-12-10T13:40:57 EST" duration-ms="7941" status="PASS">
          <reporter-output>
          </reporter-output>
        </test-method> <!-- setup -->
        <test-method signature="ValidateNumberOfLinksInHeader()[pri:3, instance:com.amazon.qa.testcases.HomePageTest@173ed316]" started-at="2023-12-10T13:40:57 EST" name="ValidateNumberOfLinksInHeader" finished-at="2023-12-10T13:41:00 EST" duration-ms="3074" status="FAIL">
          <exception class="java.lang.NumberFormatException">
            <message>
              <![CDATA[Cannot parse null string]]>
            </message>
            <full-stacktrace>
              <![CDATA[java.lang.NumberFormatException: Cannot parse null string
at java.base/java.lang.Integer.parseInt(Integer.java:630)
at java.base/java.lang.Integer.valueOf(Integer.java:999)
at com.amazon.qa.testcases.HomePageTest.ValidateNumberOfLinksInHeader(HomePageTest.java:46)
at java.base/jdk.internal.reflect.NativeMethodAccessorImpl.invoke0(Native Method)
at java.base/jdk.internal.reflect.NativeMethodAccessorImpl.invoke(NativeMethodAccessorImpl.java:77)
at java.base/jdk.internal.reflect.DelegatingMethodAccessorImpl.invoke(DelegatingMethodAccessorImpl.java:43)
at java.base/java.lang.reflect.Method.invoke(Method.java:568)
at org.testng.internal.invokers.MethodInvocationHelper.invokeMethod(MethodInvocationHelper.java:139)
at org.testng.internal.invokers.TestInvoker.invokeMethod(TestInvoker.java:664)
at org.testng.internal.invokers.TestInvoker.invokeTestMethod(TestInvoker.java:227)
at org.testng.internal.invokers.MethodRunner.runInSequence(MethodRunner.java:50)
at org.testng.internal.invokers.TestInvoker$MethodInvocationAgent.invoke(TestInvoker.java:957)
at org.testng.internal.invokers.TestInvoker.invokeTestMethods(TestInvoker.java:200)
at org.testng.internal.invokers.TestMethodWorker.invokeTestMethods(TestMethodWorker.java:148)
at org.testng.internal.invokers.TestMethodWorker.run(TestMethodWorker.java:128)
at java.base/java.util.ArrayList.forEach(ArrayList.java:1511)
at org.testng.TestRunner.privateRun(TestRunner.java:848)
at org.testng.TestRunner.run(TestRunner.java:621)
at org.testng.SuiteRunner.runTest(SuiteRunner.java:443)
at org.testng.SuiteRunner.runSequentially(SuiteRunner.java:437)
at org.testng.SuiteRunner.privateRun(SuiteRunner.java:397)
at org.testng.SuiteRunner.run(SuiteRunner.java:336)
at org.testng.SuiteRunnerWorker.runSuite(SuiteRunnerWorker.java:52)
at org.testng.SuiteRunnerWorker.run(SuiteRunnerWorker.java:95)
at org.testng.TestNG.runSuitesSequentially(TestNG.java:1280)
at org.testng.TestNG.runSuitesLocally(TestNG.java:1200)
at org.testng.TestNG.runSuites(TestNG.java:1114)
at org.testng.TestNG.run(TestNG.java:1082)
at org.testng.remote.AbstractRemoteTestNG.run(AbstractRemoteTestNG.java:115)
at org.testng.remote.RemoteTestNG.initAndRun(RemoteTestNG.java:251)
at org.testng.remote.RemoteTestNG.main(RemoteTestNG.java:77)
]]>
            </full-stacktrace>
          </exception> <!-- java.lang.NumberFormatException -->
          <reporter-output>
          </reporter-output>
        </test-method> <!-- ValidateNumberOfLinksInHeader -->
        <test-method is-config="true" signature="tearDown()[pri:0, instance:com.amazon.qa.testcases.HomePageTest@173ed316]" started-at="2023-12-10T13:41:00 EST" name="tearDown" finished-at="2023-12-10T13:41:04 EST" duration-ms="3785" status="PASS">
          <reporter-output>
          </reporter-output>
        </test-method> <!-- tearDown -->
        <test-method is-config="true" signature="setup()[pri:0, instance:com.amazon.qa.testcases.HomePageTest@173ed316]" started-at="2023-12-10T13:41:04 EST" name="setup" finished-at="2023-12-10T13:41:12 EST" duration-ms="7683" status="PASS">
          <reporter-output>
          </reporter-output>
        </test-method> <!-- setup -->
        <test-method signature="Awsaction()[pri:4, instance:com.amazon.qa.testcases.HomePageTest@173ed316]" started-at="2023-12-10T13:41:12 EST" name="Awsaction" finished-at="2023-12-10T13:41:19 EST" duration-ms="7504" status="PASS">
          <reporter-output>
          </reporter-output>
        </test-method> <!-- Awsaction -->
        <test-method is-config="true" signature="tearDown()[pri:0, instance:com.amazon.qa.testcases.HomePageTest@173ed316]" started-at="2023-12-10T13:41:19 EST" name="tearDown" finished-at="2023-12-10T13:41:24 EST" duration-ms="4571" status="PASS">
          <reporter-output>
          </reporter-output>
        </test-method> <!-- tearDown -->
      </class> <!-- com.amazon.qa.testcases.HomePageTest -->
    </test> <!-- Test -->
  </suite> <!-- Suite -->
</testng-results>
